[GIN-debug] [WARNING] Creating an Engine instance with the Logger and Recovery middleware already attached.

[GIN-debug] [WARNING] Running in "debug" mode. Switch to "release" mode in production.
 - using env:	export GIN_MODE=release
 - using code:	gin.SetMode(gin.ReleaseMode)

[GIN-debug] Loaded HTML Templates (2): 
	- 
	- upload-file-form.html

[GIN-debug] GET    /                         --> cfr2.StartServer.func1 (3 handlers)
[GIN-debug] GET    /api/upload-file-form     --> cfr2.getFormFileHTML (3 handlers)
[GIN-debug] POST   /api/upload               --> cfr2.createFile (3 handlers)
[GIN-debug] DELETE /api/delete/:bkt/:key     --> cfr2.deleteFile (3 handlers)
[GIN-debug] [WARNING] You trusted all proxies, this is NOT safe. We recommend you to set a value.
Please check https://pkg.go.dev/github.com/gin-gonic/gin#readme-don-t-trust-all-proxies for details.
[GIN-debug] Listening and serving HTTP on :9090
[GIN] 2024/03/19 - 19:09:58 | 200 |  350.947337ms |    172.16.10.18 | POST     "/api/upload"
Error #01: [error]
Error #02: [error]
[GIN] 2024/03/19 - 19:10:07 | 200 |  122.797477ms |    172.16.10.18 | POST     "/api/upload"
Error #01: [error]
Error #02: [error]
